<?xml version="1.0" encoding="UTF-8"?>
<testng-results ignored="0" total="1" passed="1" failed="0" skipped="0">
  <reporter-output>
  </reporter-output>
  <suite started-at="2022-01-10T16:22:52 IST" name="Default suite" finished-at="2022-01-10T16:23:08 IST" duration-ms="16205">
    <groups>
    </groups>
    <test started-at="2022-01-10T16:22:52 IST" name="Default test" finished-at="2022-01-10T16:23:08 IST" duration-ms="16205">
      <class name="nopCommerceTests.CustomerWindow">
        <test-method is-config="true" signature="openBrowser()[pri:0, instance:nopCommerceTests.CustomerWindow@f736069]" started-at="2022-01-10T16:22:52 IST" name="openBrowser" finished-at="2022-01-10T16:22:58 IST" duration-ms="6457" status="PASS">
          <reporter-output>
          </reporter-output>
        </test-method> <!-- openBrowser -->
        <test-method signature="window()[pri:0, instance:nopCommerceTests.CustomerWindow@f736069]" started-at="2022-01-10T16:22:58 IST" name="window" finished-at="2022-01-10T16:23:08 IST" duration-ms="9639" status="PASS">
          <reporter-output>
          </reporter-output>
        </test-method> <!-- window -->
        <test-method is-config="true" signature="tearDown()[pri:0, instance:nopCommerceTests.CustomerWindow@f736069]" started-at="2022-01-10T16:23:08 IST" name="tearDown" finished-at="2022-01-10T16:23:08 IST" duration-ms="50" status="PASS">
          <reporter-output>
          </reporter-output>
        </test-method> <!-- tearDown -->
      </class> <!-- nopCommerceTests.CustomerWindow -->
    </test> <!-- Default test -->
  </suite> <!-- Default suite -->
</testng-results>
