<?xml version="1.0" encoding="UTF-8"?>
<!-- Generated by org.testng.reporters.JUnitXMLReporter -->
<testsuite ignored="0" hostname="DESKTOP-Q2RM1HI" failures="0" tests="10" name="Test" time="56.253" errors="0" timestamp="2021-12-30T15:26:27 IST">
  <testcase classname="nopTests.AddCustomer" name="loginCusts" time="5.913"/>
  <testcase classname="nopTests.AddCustomer" name="addCustomerDetails" time="5.581"/>
  <testcase classname="nopTests.AddCustomer" name="logout" time="1.249"/>
  <testcase classname="nopTests.Login" name="verifyLogo" time="0.07"/>
  <testcase classname="nopTests.Login" name="verifyTitle" time="0.008"/>
  <testcase classname="nopTests.Login" name="login" time="5.621"/>
  <testcase classname="nopTests.SearchCustomer" name="loginCusts" time="3.855"/>
  <testcase classname="nopTests.SearchCustomer" name="clickCustomer1" time="1.109"/>
  <testcase classname="nopTests.SearchCustomer" name="clickSubCustomer2" time="3.155"/>
  <testcase classname="nopTests.SearchCustomer" name="searchTheCustomer" time="12.5"/>
</testsuite> <!-- Test -->
