<?xml version="1.0" encoding="UTF-8"?>
<!-- Generated by org.testng.reporters.JUnitXMLReporter -->
<testsuite ignored="0" hostname="DESKTOP-Q2RM1HI" failures="8" tests="26" name="Test" time="40.751" errors="0" timestamp="2022-01-07T15:34:17 IST">
  <testcase classname="nopTests.AddCustomer" name="loginCusts" time="0.055">
    <skipped/>
  </testcase> <!-- loginCusts -->
  <testcase classname="nopTests.AddCustomer" name="loginCusts" time="0.021">
    <skipped/>
  </testcase> <!-- loginCusts -->
  <testcase classname="nopTests.AddCustomer" name="loginCusts" time="0.127">
    <failure type="java.lang.NullPointerException" message="Cannot invoke &amp;quot;org.openqa.selenium.TakesScreenshot.getScreenshotAs(org.openqa.selenium.OutputType)&amp;quot; because &amp;quot;ts&amp;quot; is null">
      <![CDATA[java.lang.NullPointerException: Cannot invoke "org.openqa.selenium.TakesScreenshot.getScreenshotAs(org.openqa.selenium.OutputType)" because "ts" is null
at nopUtility.ScreenShot.onTestSkipped(ScreenShot.java:20)
at java.base/java.util.ArrayList.forEach(ArrayList.java:1511)
... Removed 24 stack frames]]>
    </failure>
  </testcase> <!-- loginCusts -->
  <testcase classname="nopTests.AddCustomer" name="addCustomerDetails" time="2.033">
    <skipped/>
  </testcase> <!-- addCustomerDetails -->
  <testcase classname="nopTests.AddCustomer" name="addCustomerDetails" time="2.022">
    <skipped/>
  </testcase> <!-- addCustomerDetails -->
  <testcase classname="nopTests.AddCustomer" name="addCustomerDetails" time="4.062">
    <failure type="java.lang.NullPointerException" message="Cannot invoke &amp;quot;org.openqa.selenium.TakesScreenshot.getScreenshotAs(org.openqa.selenium.OutputType)&amp;quot; because &amp;quot;ts&amp;quot; is null">
      <![CDATA[java.lang.NullPointerException: Cannot invoke "org.openqa.selenium.TakesScreenshot.getScreenshotAs(org.openqa.selenium.OutputType)" because "ts" is null
at nopUtility.ScreenShot.onTestSkipped(ScreenShot.java:20)
at java.base/java.util.ArrayList.forEach(ArrayList.java:1511)
... Removed 24 stack frames]]>
    </failure>
  </testcase> <!-- addCustomerDetails -->
  <testcase classname="nopTests.AddCustomer" name="logout" time="0.024">
    <skipped/>
  </testcase> <!-- logout -->
  <testcase classname="nopTests.AddCustomer" name="logout" time="0.016">
    <skipped/>
  </testcase> <!-- logout -->
  <testcase classname="nopTests.AddCustomer" name="logout" time="0.046">
    <failure type="java.lang.NullPointerException" message="Cannot invoke &amp;quot;org.openqa.selenium.TakesScreenshot.getScreenshotAs(org.openqa.selenium.OutputType)&amp;quot; because &amp;quot;ts&amp;quot; is null">
      <![CDATA[java.lang.NullPointerException: Cannot invoke "org.openqa.selenium.TakesScreenshot.getScreenshotAs(org.openqa.selenium.OutputType)" because "ts" is null
at nopUtility.ScreenShot.onTestSkipped(ScreenShot.java:20)
at java.base/java.util.ArrayList.forEach(ArrayList.java:1511)
... Removed 24 stack frames]]>
    </failure>
  </testcase> <!-- logout -->
  <testcase classname="nopTests.Login" name="verifyLogo" time="0.092"/>
  <testcase classname="nopTests.Login" name="verifyTitle" time="0.008"/>
  <testcase classname="nopTests.Login" name="login" time="0.022">
    <skipped/>
  </testcase> <!-- login -->
  <testcase classname="nopTests.Login" name="login" time="0.015">
    <skipped/>
  </testcase> <!-- login -->
  <testcase classname="nopTests.Login" name="login" time="0.042">
    <failure type="java.lang.NullPointerException" message="Cannot invoke &amp;quot;org.openqa.selenium.TakesScreenshot.getScreenshotAs(org.openqa.selenium.OutputType)&amp;quot; because &amp;quot;ts&amp;quot; is null">
      <![CDATA[java.lang.NullPointerException: Cannot invoke "org.openqa.selenium.TakesScreenshot.getScreenshotAs(org.openqa.selenium.OutputType)" because "ts" is null
at nopUtility.ScreenShot.onTestSkipped(ScreenShot.java:20)
at java.base/java.util.ArrayList.forEach(ArrayList.java:1511)
... Removed 24 stack frames]]>
    </failure>
  </testcase> <!-- login -->
  <testcase classname="nopTests.SearchCustomer" name="loginCusts" time="0.022">
    <skipped/>
  </testcase> <!-- loginCusts -->
  <testcase classname="nopTests.SearchCustomer" name="loginCusts" time="0.021">
    <skipped/>
  </testcase> <!-- loginCusts -->
  <testcase classname="nopTests.SearchCustomer" name="loginCusts" time="0.049">
    <failure type="java.lang.NullPointerException" message="Cannot invoke &amp;quot;org.openqa.selenium.TakesScreenshot.getScreenshotAs(org.openqa.selenium.OutputType)&amp;quot; because &amp;quot;ts&amp;quot; is null">
      <![CDATA[java.lang.NullPointerException: Cannot invoke "org.openqa.selenium.TakesScreenshot.getScreenshotAs(org.openqa.selenium.OutputType)" because "ts" is null
at nopUtility.ScreenShot.onTestSkipped(ScreenShot.java:20)
at java.base/java.util.ArrayList.forEach(ArrayList.java:1511)
... Removed 24 stack frames]]>
    </failure>
  </testcase> <!-- loginCusts -->
  <testcase classname="nopTests.SearchCustomer" name="clickCustomer1" time="1.027">
    <skipped/>
  </testcase> <!-- clickCustomer1 -->
  <testcase classname="nopTests.SearchCustomer" name="clickCustomer1" time="1.018">
    <skipped/>
  </testcase> <!-- clickCustomer1 -->
  <testcase classname="nopTests.SearchCustomer" name="clickCustomer1" time="2.05">
    <failure type="java.lang.NullPointerException" message="Cannot invoke &amp;quot;org.openqa.selenium.TakesScreenshot.getScreenshotAs(org.openqa.selenium.OutputType)&amp;quot; because &amp;quot;ts&amp;quot; is null">
      <![CDATA[java.lang.NullPointerException: Cannot invoke "org.openqa.selenium.TakesScreenshot.getScreenshotAs(org.openqa.selenium.OutputType)" because "ts" is null
at nopUtility.ScreenShot.onTestSkipped(ScreenShot.java:20)
at java.base/java.util.ArrayList.forEach(ArrayList.java:1511)
... Removed 24 stack frames]]>
    </failure>
  </testcase> <!-- clickCustomer1 -->
  <testcase classname="nopTests.SearchCustomer" name="clickSubCustomer2" time="2.025">
    <skipped/>
  </testcase> <!-- clickSubCustomer2 -->
  <testcase classname="nopTests.SearchCustomer" name="clickSubCustomer2" time="2.028">
    <skipped/>
  </testcase> <!-- clickSubCustomer2 -->
  <testcase classname="nopTests.SearchCustomer" name="clickSubCustomer2" time="4.058">
    <failure type="java.lang.NullPointerException" message="Cannot invoke &amp;quot;org.openqa.selenium.TakesScreenshot.getScreenshotAs(org.openqa.selenium.OutputType)&amp;quot; because &amp;quot;ts&amp;quot; is null">
      <![CDATA[java.lang.NullPointerException: Cannot invoke "org.openqa.selenium.TakesScreenshot.getScreenshotAs(org.openqa.selenium.OutputType)" because "ts" is null
at nopUtility.ScreenShot.onTestSkipped(ScreenShot.java:20)
at java.base/java.util.ArrayList.forEach(ArrayList.java:1511)
... Removed 24 stack frames]]>
    </failure>
  </testcase> <!-- clickSubCustomer2 -->
  <testcase classname="nopTests.SearchCustomer" name="searchTheCustomer" time="6.026">
    <skipped/>
  </testcase> <!-- searchTheCustomer -->
  <testcase classname="nopTests.SearchCustomer" name="searchTheCustomer" time="6.019">
    <skipped/>
  </testcase> <!-- searchTheCustomer -->
  <testcase classname="nopTests.SearchCustomer" name="searchTheCustomer" time="12.05">
    <failure type="java.lang.NullPointerException" message="Cannot invoke &amp;quot;org.openqa.selenium.TakesScreenshot.getScreenshotAs(org.openqa.selenium.OutputType)&amp;quot; because &amp;quot;ts&amp;quot; is null">
      <![CDATA[java.lang.NullPointerException: Cannot invoke "org.openqa.selenium.TakesScreenshot.getScreenshotAs(org.openqa.selenium.OutputType)" because "ts" is null
at nopUtility.ScreenShot.onTestSkipped(ScreenShot.java:20)
at java.base/java.util.ArrayList.forEach(ArrayList.java:1511)
... Removed 24 stack frames]]>
    </failure>
  </testcase> <!-- searchTheCustomer -->
</testsuite> <!-- Test -->
