<?xml version="1.0" encoding="UTF-8"?>
<testng-results ignored="0" total="3" passed="3" failed="0" skipped="0">
  <reporter-output>
  </reporter-output>
  <suite started-at="2022-01-09T13:20:25 IST" name="Default suite" finished-at="2022-01-09T13:20:37 IST" duration-ms="11794">
    <groups>
    </groups>
    <test started-at="2022-01-09T13:20:25 IST" name="Default test" finished-at="2022-01-09T13:20:37 IST" duration-ms="11794">
      <class name="nopTests.Login">
        <test-method is-config="true" signature="openBrowser()[pri:0, instance:nopTests.Login@614ca7df]" started-at="2022-01-09T13:20:25 IST" name="openBrowser" finished-at="2022-01-09T13:20:28 IST" duration-ms="3578" status="PASS">
          <reporter-output>
          </reporter-output>
        </test-method> <!-- openBrowser -->
        <test-method signature="verifyLogo()[pri:0, instance:nopTests.Login@614ca7df]" started-at="2022-01-09T13:20:28 IST" name="verifyLogo" finished-at="2022-01-09T13:20:29 IST" duration-ms="93" status="PASS">
          <reporter-output>
          </reporter-output>
        </test-method> <!-- verifyLogo -->
        <test-method signature="verifyTitle()[pri:0, instance:nopTests.Login@614ca7df]" started-at="2022-01-09T13:20:29 IST" name="verifyTitle" finished-at="2022-01-09T13:20:29 IST" duration-ms="10" status="PASS">
          <reporter-output>
          </reporter-output>
        </test-method> <!-- verifyTitle -->
        <test-method signature="login()[pri:1, instance:nopTests.Login@614ca7df]" started-at="2022-01-09T13:20:29 IST" name="login" finished-at="2022-01-09T13:20:33 IST" duration-ms="4864" status="PASS">
          <reporter-output>
          </reporter-output>
        </test-method> <!-- login -->
        <test-method is-config="true" signature="tearDown()[pri:0, instance:nopTests.Login@614ca7df]" started-at="2022-01-09T13:20:33 IST" name="tearDown" finished-at="2022-01-09T13:20:37 IST" duration-ms="3191" status="PASS">
          <reporter-output>
          </reporter-output>
        </test-method> <!-- tearDown -->
      </class> <!-- nopTests.Login -->
    </test> <!-- Default test -->
  </suite> <!-- Default suite -->
</testng-results>
