<?xml version="1.0" encoding="UTF-8"?>
<!-- Generated by org.testng.reporters.JUnitXMLReporter -->
<testsuite ignored="0" hostname="DESKTOP-Q2RM1HI" failures="0" tests="3" name="Default test" time="11.794" errors="0" timestamp="2022-01-09T13:20:37 IST">
  <testcase classname="nopTests.Login" name="verifyLogo" time="0.093"/>
  <testcase classname="nopTests.Login" name="verifyTitle" time="0.01"/>
  <testcase classname="nopTests.Login" name="login" time="4.864"/>
</testsuite> <!-- Default test -->
