<?xml version="1.0" encoding="UTF-8"?>
<!-- Generated by org.testng.reporters.JUnitXMLReporter -->
<testsuite hostname="DESKTOP-Q2RM1HI" ignored="0" name="Test" tests="12" failures="0" timestamp="2022-01-07T12:31:48 IST" time="75.516" errors="0">
  <testcase name="loginCusts" time="5.879" classname="nopTests.AddCustomer"/>
  <testcase name="addCustomerDetails" time="5.218" classname="nopTests.AddCustomer"/>
  <testcase name="logout" time="0.813" classname="nopTests.AddCustomer"/>
  <testcase name="verifyLogo" time="0.087" classname="nopTests.Login"/>
  <testcase name="verifyTitle" time="0.006" classname="nopTests.Login"/>
  <testcase name="login" time="4.611" classname="nopTests.Login"/>
  <testcase name="loginCusts" time="3.982" classname="nopTests.SearchCustomer"/>
  <testcase name="clickCustomer1" time="1.126" classname="nopTests.SearchCustomer"/>
  <testcase name="clickSubCustomer2" time="3.012" classname="nopTests.SearchCustomer"/>
  <testcase name="searchTheCustomer" time="12.655" classname="nopTests.SearchCustomer">
    <skipped/>
  </testcase> <!-- searchTheCustomer -->
  <testcase name="searchTheCustomer" time="8.201" classname="nopTests.SearchCustomer">
    <skipped/>
  </testcase> <!-- searchTheCustomer -->
  <testcase name="searchTheCustomer" time="12.396" classname="nopTests.SearchCustomer"/>
</testsuite> <!-- Test -->
